+ ld obj/kern/kernel
+ mk obj/kern/kernel.img

(process:1167): GLib-WARNING **: /build/glib2.0-prJhLS/glib2.0-2.48.2/./glib/gmem.c:483: custom memory allocation vtable not supported

(process:1170): GLib-WARNING **: /build/glib2.0-prJhLS/glib2.0-2.48.2/./glib/gmem.c:483: custom memory allocation vtable not supported
6828 decimal is 15254 octal!
Physical memory: 66556K available, base = 640K, extended = 65532K
check_page_alloc() succeeded!
check_page() succeeded!
check_kern_pgdir() succeeded!
check_page_installed_pgdir() succeeded!
SMP: CPU 0 found 1 CPU(s)
enabled interrupts: 1 2 4
FS is running
FS can do I/O
Device 1 presence: 1
block cache is good
superblock is good
bitmap is good
alloc_block is good
file_open is good
i am parent environment 00001001
file_get_block is good
file_flush is good
file_truncate is good
file rewrite is good
hello, world
i am environment 00001002
No runnable environments in the system!
Welcome to the JOS kernel monitor!
Type 'help' for a list of commands.
qemu: terminating on signal 15 from pid 1062
